This is pdfTeX, Version 3.14159265-2.6-1.40.21 (TeX Live 2020/Arch Linux) (preloaded format=pdflatex 2021.4.25)  25 APR 2021 19:28
entering extended mode
 restricted \write18 enabled.
 %&-line parsing enabled.
**/home/vicious/Workspace/problemtools/examples/checkers/problem_statement/prob
lem.en.tex

(/home/vicious/Workspace/problemtools/examples/checkers/problem_statement/probl
em.en.tex
LaTeX2e <2020-10-01> patch level 2
L3 programming layer <2020-12-03> xparse <2020-03-03>
! Undefined control sequence.
l.1 \problemname
                {Checkers}
? 
! Emergency stop.
l.1 \problemname
                {Checkers}
End of file on the terminal!

 
Here is how much of TeX's memory you used:
 17 strings out of 479383
 622 string characters out of 5875830
 267160 words of memory out of 5000000
 17229 multiletter control sequences out of 15000+600000
 403430 words of font info for 27 fonts, out of 8000000 for 9000
 1141 hyphenation exceptions out of 8191
 13i,0n,15p,141b,10s stack positions out of 5000i,500n,10000p,200000b,80000s
!  ==> Fatal error occurred, no output PDF file produced!
